
-----
Test:  Tests/test_google_maps_api.py::Test_create_place::test_crete_new_place (call)
Test:  2024-12-09 14:05:32.792269
Request method:  POST
Request URL:  https://rahulshettyacademy.com/maps/api/place/add/json?key=qaclick123

Response code:  200
Response text:  {"status":"OK","place_id":"78128722422492eb034f37eb2d8b79ce","scope":"APP","reference":"14721a5ad5c566385c105af3ecd5644b14721a5ad5c566385c105af3ecd5644b","id":"14721a5ad5c566385c105af3ecd5644b"}
Response headers:  {'Date': 'Mon, 09 Dec 2024 11:05:33 GMT', 'Server': 'Apache/2.4.52 (Ubuntu)', 'Access-Control-Allow-Origin': '*', 'Access-Control-Allow-Methods': 'POST', 'Access-Control-Max-Age': '3600', 'Access-Control-Allow-Headers': 'Content-Type, Access-Control-Allow-Headers, Authorization, X-Requested-With', 'Content-Length': '194', 'Keep-Alive': 'timeout=5, max=100', 'Connection': 'Keep-Alive', 'Content-Type': 'application/json;charset=UTF-8'}
Response cookies:  {}

-----

-----
Test:  Tests/test_google_maps_api.py::Test_create_place::test_crete_new_place (call)
Test:  2024-12-09 14:05:33.694979
Request method:  GET
Request URL:  https://rahulshettyacademy.com/maps/api/place/get/json?key=qaclick123&place_id=78128722422492eb034f37eb2d8b79ce

Response code:  200
Response text:  {"location":{"latitude":"-38.383494","longitude":"33.427362"},"accuracy":"50","name":"Frontline house","phone_number":"(+91) 983 893 3937","address":"29, side layout, cohen 09","types":"shoe park,shop","website":"http:\/\/google.com","language":"French-IN"}
Response headers:  {'Date': 'Mon, 09 Dec 2024 11:05:34 GMT', 'Server': 'Apache/2.4.52 (Ubuntu)', 'Access-Control-Allow-Origin': '*', 'Access-Control-Allow-Methods': 'POST', 'Access-Control-Max-Age': '3600', 'Access-Control-Allow-Headers': 'Content-Type, Access-Control-Allow-Headers, Authorization, X-Requested-With', 'Content-Length': '257', 'Keep-Alive': 'timeout=5, max=100', 'Connection': 'Keep-Alive', 'Content-Type': 'application/json;charset=UTF-8'}
Response cookies:  {}

-----

-----
Test:  Tests/test_google_maps_api.py::Test_create_place::test_crete_new_place (call)
Test:  2024-12-09 14:05:35.705177
Request method:  PUT
Request URL:  https://rahulshettyacademy.com/maps/api/place/update/json?key=qaclick123&place_id=78128722422492eb034f37eb2d8b79ce

Response code:  200
Response text:  {"msg":"Address successfully updated"}
Response headers:  {'Date': 'Mon, 09 Dec 2024 11:05:36 GMT', 'Server': 'Apache/2.4.52 (Ubuntu)', 'Access-Control-Allow-Origin': '*', 'Access-Control-Allow-Methods': 'POST', 'Access-Control-Max-Age': '3600', 'Access-Control-Allow-Headers': 'Content-Type, Access-Control-Allow-Headers, Authorization, X-Requested-With', 'Content-Length': '38', 'Keep-Alive': 'timeout=5, max=100', 'Connection': 'Keep-Alive', 'Content-Type': 'application/json;charset=UTF-8'}
Response cookies:  {}

-----

-----
Test:  Tests/test_google_maps_api.py::Test_create_place::test_crete_new_place (call)
Test:  2024-12-09 14:05:38.366926
Request method:  GET
Request URL:  https://rahulshettyacademy.com/maps/api/place/get/json?key=qaclick123&place_id=78128722422492eb034f37eb2d8b79ce

Response code:  200
Response text:  {"location":{"latitude":"-38.383494","longitude":"33.427362"},"accuracy":"50","name":"Frontline house","phone_number":"(+91) 983 893 3937","address":"Scotland Yard","types":"shoe park,shop","website":"http:\/\/google.com","language":"French-IN"}
Response headers:  {'Date': 'Mon, 09 Dec 2024 11:05:39 GMT', 'Server': 'Apache/2.4.52 (Ubuntu)', 'Access-Control-Allow-Origin': '*', 'Access-Control-Allow-Methods': 'POST', 'Access-Control-Max-Age': '3600', 'Access-Control-Allow-Headers': 'Content-Type, Access-Control-Allow-Headers, Authorization, X-Requested-With', 'Content-Length': '245', 'Keep-Alive': 'timeout=5, max=100', 'Connection': 'Keep-Alive', 'Content-Type': 'application/json;charset=UTF-8'}
Response cookies:  {}

-----

-----
Test:  Tests/test_google_maps_api.py::Test_create_place::test_crete_new_place (call)
Test:  2024-12-09 14:05:40.415539
Request method:  DELETE
Request URL:  https://rahulshettyacademy.com/maps/api/place/delete/json?key=qaclick123&place_id=78128722422492eb034f37eb2d8b79ce

Response code:  200
Response text:  {"status":"OK"}
Response headers:  {'Date': 'Mon, 09 Dec 2024 11:05:41 GMT', 'Server': 'Apache/2.4.52 (Ubuntu)', 'Access-Control-Allow-Origin': '*', 'Access-Control-Allow-Methods': 'POST', 'Access-Control-Max-Age': '3600', 'Access-Control-Allow-Headers': 'Content-Type, Access-Control-Allow-Headers, Authorization, X-Requested-With', 'Content-Length': '15', 'Keep-Alive': 'timeout=5, max=100', 'Connection': 'Keep-Alive', 'Content-Type': 'application/json;charset=UTF-8'}
Response cookies:  {}

-----

-----
Test:  Tests/test_google_maps_api.py::Test_create_place::test_crete_new_place (call)
Test:  2024-12-09 14:05:42.910910
Request method:  GET
Request URL:  https://rahulshettyacademy.com/maps/api/place/get/json?key=qaclick123&place_id=78128722422492eb034f37eb2d8b79ce

Response code:  404
Response text:  {"msg":"Get operation failed, looks like place_id  doesn't exists"}
Response headers:  {'Date': 'Mon, 09 Dec 2024 11:05:43 GMT', 'Server': 'Apache/2.4.52 (Ubuntu)', 'Access-Control-Allow-Origin': '*', 'Access-Control-Allow-Methods': 'POST', 'Access-Control-Max-Age': '3600', 'Access-Control-Allow-Headers': 'Content-Type, Access-Control-Allow-Headers, Authorization, X-Requested-With', 'Content-Length': '67', 'Keep-Alive': 'timeout=5, max=100', 'Connection': 'Keep-Alive', 'Content-Type': 'application/json;charset=UTF-8'}
Response cookies:  {}

-----
