
-----
Test:  Tests/test_google_maps_api.py::Test_create_place::test_crete_new_place (call)
Test:  2024-12-09 20:08:01.989247
Request method:  POST
Request URL:  https://rahulshettyacademy.com/maps/api/place/add/json?key=qaclick123

Response code:  200
Response text:  {"status":"OK","place_id":"4feae819c02b80279a5c9f090fd01925","scope":"APP","reference":"636150b54fb23adeca2b8b4df627a94e636150b54fb23adeca2b8b4df627a94e","id":"636150b54fb23adeca2b8b4df627a94e"}
Response headers:  {'Date': 'Mon, 09 Dec 2024 17:08:02 GMT', 'Server': 'Apache/2.4.52 (Ubuntu)', 'Access-Control-Allow-Origin': '*', 'Access-Control-Allow-Methods': 'POST', 'Access-Control-Max-Age': '3600', 'Access-Control-Allow-Headers': 'Content-Type, Access-Control-Allow-Headers, Authorization, X-Requested-With', 'Content-Length': '194', 'Keep-Alive': 'timeout=5, max=100', 'Connection': 'Keep-Alive', 'Content-Type': 'application/json;charset=UTF-8'}
Response cookies:  {}

-----

-----
Test:  Tests/test_google_maps_api.py::Test_create_place::test_crete_new_place (call)
Test:  2024-12-09 20:08:02.929822
Request method:  GET
Request URL:  https://rahulshettyacademy.com/maps/api/place/get/json?key=qaclick123&place_id=4feae819c02b80279a5c9f090fd01925

Response code:  200
Response text:  {"location":{"latitude":"-38.383494","longitude":"33.427362"},"accuracy":"50","name":"Frontline house","phone_number":"(+91) 983 893 3937","address":"29, side layout, cohen 09","types":"shoe park,shop","website":"http:\/\/google.com","language":"French-IN"}
Response headers:  {'Date': 'Mon, 09 Dec 2024 17:08:03 GMT', 'Server': 'Apache/2.4.52 (Ubuntu)', 'Access-Control-Allow-Origin': '*', 'Access-Control-Allow-Methods': 'POST', 'Access-Control-Max-Age': '3600', 'Access-Control-Allow-Headers': 'Content-Type, Access-Control-Allow-Headers, Authorization, X-Requested-With', 'Content-Length': '257', 'Keep-Alive': 'timeout=5, max=100', 'Connection': 'Keep-Alive', 'Content-Type': 'application/json;charset=UTF-8'}
Response cookies:  {}

-----

-----
Test:  Tests/test_google_maps_api.py::Test_create_place::test_crete_new_place (call)
Test:  2024-12-09 20:08:04.818195
Request method:  PUT
Request URL:  https://rahulshettyacademy.com/maps/api/place/update/json?key=qaclick123&place_id=4feae819c02b80279a5c9f090fd01925

Response code:  200
Response text:  {"msg":"Address successfully updated"}
Response headers:  {'Date': 'Mon, 09 Dec 2024 17:08:05 GMT', 'Server': 'Apache/2.4.52 (Ubuntu)', 'Access-Control-Allow-Origin': '*', 'Access-Control-Allow-Methods': 'POST', 'Access-Control-Max-Age': '3600', 'Access-Control-Allow-Headers': 'Content-Type, Access-Control-Allow-Headers, Authorization, X-Requested-With', 'Content-Length': '38', 'Keep-Alive': 'timeout=5, max=100', 'Connection': 'Keep-Alive', 'Content-Type': 'application/json;charset=UTF-8'}
Response cookies:  {}

-----

-----
Test:  Tests/test_google_maps_api.py::Test_create_place::test_crete_new_place (call)
Test:  2024-12-09 20:08:06.964480
Request method:  GET
Request URL:  https://rahulshettyacademy.com/maps/api/place/get/json?key=qaclick123&place_id=4feae819c02b80279a5c9f090fd01925

Response code:  200
Response text:  {"location":{"latitude":"-38.383494","longitude":"33.427362"},"accuracy":"50","name":"Frontline house","phone_number":"(+91) 983 893 3937","address":"Scotland Yard","types":"shoe park,shop","website":"http:\/\/google.com","language":"French-IN"}
Response headers:  {'Date': 'Mon, 09 Dec 2024 17:08:07 GMT', 'Server': 'Apache/2.4.52 (Ubuntu)', 'Access-Control-Allow-Origin': '*', 'Access-Control-Allow-Methods': 'POST', 'Access-Control-Max-Age': '3600', 'Access-Control-Allow-Headers': 'Content-Type, Access-Control-Allow-Headers, Authorization, X-Requested-With', 'Content-Length': '245', 'Keep-Alive': 'timeout=5, max=100', 'Connection': 'Keep-Alive', 'Content-Type': 'application/json;charset=UTF-8'}
Response cookies:  {}

-----

-----
Test:  Tests/test_google_maps_api.py::Test_create_place::test_crete_new_place (call)
Test:  2024-12-09 20:08:08.764265
Request method:  DELETE
Request URL:  https://rahulshettyacademy.com/maps/api/place/delete/json?key=qaclick123&place_id=4feae819c02b80279a5c9f090fd01925

Response code:  200
Response text:  {"status":"OK"}
Response headers:  {'Date': 'Mon, 09 Dec 2024 17:08:09 GMT', 'Server': 'Apache/2.4.52 (Ubuntu)', 'Access-Control-Allow-Origin': '*', 'Access-Control-Allow-Methods': 'POST', 'Access-Control-Max-Age': '3600', 'Access-Control-Allow-Headers': 'Content-Type, Access-Control-Allow-Headers, Authorization, X-Requested-With', 'Content-Length': '15', 'Keep-Alive': 'timeout=5, max=100', 'Connection': 'Keep-Alive', 'Content-Type': 'application/json;charset=UTF-8'}
Response cookies:  {}

-----

-----
Test:  Tests/test_google_maps_api.py::Test_create_place::test_crete_new_place (call)
Test:  2024-12-09 20:08:11.119181
Request method:  GET
Request URL:  https://rahulshettyacademy.com/maps/api/place/get/json?key=qaclick123&place_id=4feae819c02b80279a5c9f090fd01925

Response code:  404
Response text:  {"msg":"Get operation failed, looks like place_id  doesn't exists"}
Response headers:  {'Date': 'Mon, 09 Dec 2024 17:08:11 GMT', 'Server': 'Apache/2.4.52 (Ubuntu)', 'Access-Control-Allow-Origin': '*', 'Access-Control-Allow-Methods': 'POST', 'Access-Control-Max-Age': '3600', 'Access-Control-Allow-Headers': 'Content-Type, Access-Control-Allow-Headers, Authorization, X-Requested-With', 'Content-Length': '67', 'Keep-Alive': 'timeout=5, max=100', 'Connection': 'Keep-Alive', 'Content-Type': 'application/json;charset=UTF-8'}
Response cookies:  {}

-----
