
-----
Test:  Tests/test_google_maps_api.py::Test_create_place::test_crete_new_place (call)
Test:  2024-12-09 20:17:13.948387
Request method:  POST
Request URL:  https://rahulshettyacademy.com/maps/api/place/add/json?key=qaclick123

Response code:  200
Response text:  {"status":"OK","place_id":"2e9ba78ee8427bb4a050027431e8b0a5","scope":"APP","reference":"f64ed619636568a437b73379963c25a4f64ed619636568a437b73379963c25a4","id":"f64ed619636568a437b73379963c25a4"}
Response headers:  {'Date': 'Mon, 09 Dec 2024 17:17:14 GMT', 'Server': 'Apache/2.4.52 (Ubuntu)', 'Access-Control-Allow-Origin': '*', 'Access-Control-Allow-Methods': 'POST', 'Access-Control-Max-Age': '3600', 'Access-Control-Allow-Headers': 'Content-Type, Access-Control-Allow-Headers, Authorization, X-Requested-With', 'Content-Length': '194', 'Keep-Alive': 'timeout=5, max=100', 'Connection': 'Keep-Alive', 'Content-Type': 'application/json;charset=UTF-8'}
Response cookies:  {}

-----

-----
Test:  Tests/test_google_maps_api.py::Test_create_place::test_crete_new_place (call)
Test:  2024-12-09 20:17:14.757001
Request method:  GET
Request URL:  https://rahulshettyacademy.com/maps/api/place/get/json?key=qaclick123&place_id=2e9ba78ee8427bb4a050027431e8b0a5

Response code:  200
Response text:  {"location":{"latitude":"-38.383494","longitude":"33.427362"},"accuracy":"50","name":"Frontline house","phone_number":"(+91) 983 893 3937","address":"29, side layout, cohen 09","types":"shoe park,shop","website":"http:\/\/google.com","language":"French-IN"}
Response headers:  {'Date': 'Mon, 09 Dec 2024 17:17:15 GMT', 'Server': 'Apache/2.4.52 (Ubuntu)', 'Access-Control-Allow-Origin': '*', 'Access-Control-Allow-Methods': 'POST', 'Access-Control-Max-Age': '3600', 'Access-Control-Allow-Headers': 'Content-Type, Access-Control-Allow-Headers, Authorization, X-Requested-With', 'Content-Length': '257', 'Keep-Alive': 'timeout=5, max=100', 'Connection': 'Keep-Alive', 'Content-Type': 'application/json;charset=UTF-8'}
Response cookies:  {}

-----

-----
Test:  Tests/test_google_maps_api.py::Test_create_place::test_crete_new_place (call)
Test:  2024-12-09 20:17:16.814362
Request method:  PUT
Request URL:  https://rahulshettyacademy.com/maps/api/place/update/json?key=qaclick123&place_id=2e9ba78ee8427bb4a050027431e8b0a5

Response code:  200
Response text:  {"msg":"Address successfully updated"}
Response headers:  {'Date': 'Mon, 09 Dec 2024 17:17:17 GMT', 'Server': 'Apache/2.4.52 (Ubuntu)', 'Access-Control-Allow-Origin': '*', 'Access-Control-Allow-Methods': 'POST', 'Access-Control-Max-Age': '3600', 'Access-Control-Allow-Headers': 'Content-Type, Access-Control-Allow-Headers, Authorization, X-Requested-With', 'Content-Length': '38', 'Keep-Alive': 'timeout=5, max=100', 'Connection': 'Keep-Alive', 'Content-Type': 'application/json;charset=UTF-8'}
Response cookies:  {}

-----

-----
Test:  Tests/test_google_maps_api.py::Test_create_place::test_crete_new_place (call)
Test:  2024-12-09 20:17:19.106876
Request method:  GET
Request URL:  https://rahulshettyacademy.com/maps/api/place/get/json?key=qaclick123&place_id=2e9ba78ee8427bb4a050027431e8b0a5

Response code:  200
Response text:  {"location":{"latitude":"-38.383494","longitude":"33.427362"},"accuracy":"50","name":"Frontline house","phone_number":"(+91) 983 893 3937","address":"Scotland Yard","types":"shoe park,shop","website":"http:\/\/google.com","language":"French-IN"}
Response headers:  {'Date': 'Mon, 09 Dec 2024 17:17:19 GMT', 'Server': 'Apache/2.4.52 (Ubuntu)', 'Access-Control-Allow-Origin': '*', 'Access-Control-Allow-Methods': 'POST', 'Access-Control-Max-Age': '3600', 'Access-Control-Allow-Headers': 'Content-Type, Access-Control-Allow-Headers, Authorization, X-Requested-With', 'Content-Length': '245', 'Keep-Alive': 'timeout=5, max=100', 'Connection': 'Keep-Alive', 'Content-Type': 'application/json;charset=UTF-8'}
Response cookies:  {}

-----

-----
Test:  Tests/test_google_maps_api.py::Test_create_place::test_crete_new_place (call)
Test:  2024-12-09 20:17:21.014374
Request method:  DELETE
Request URL:  https://rahulshettyacademy.com/maps/api/place/delete/json?key=qaclick123&place_id=2e9ba78ee8427bb4a050027431e8b0a5

Response code:  200
Response text:  {"status":"OK"}
Response headers:  {'Date': 'Mon, 09 Dec 2024 17:17:21 GMT', 'Server': 'Apache/2.4.52 (Ubuntu)', 'Access-Control-Allow-Origin': '*', 'Access-Control-Allow-Methods': 'POST', 'Access-Control-Max-Age': '3600', 'Access-Control-Allow-Headers': 'Content-Type, Access-Control-Allow-Headers, Authorization, X-Requested-With', 'Content-Length': '15', 'Keep-Alive': 'timeout=5, max=100', 'Connection': 'Keep-Alive', 'Content-Type': 'application/json;charset=UTF-8'}
Response cookies:  {}

-----

-----
Test:  Tests/test_google_maps_api.py::Test_create_place::test_crete_new_place (call)
Test:  2024-12-09 20:17:23.266927
Request method:  GET
Request URL:  https://rahulshettyacademy.com/maps/api/place/get/json?key=qaclick123&place_id=2e9ba78ee8427bb4a050027431e8b0a5

Response code:  404
Response text:  {"msg":"Get operation failed, looks like place_id  doesn't exists"}
Response headers:  {'Date': 'Mon, 09 Dec 2024 17:17:23 GMT', 'Server': 'Apache/2.4.52 (Ubuntu)', 'Access-Control-Allow-Origin': '*', 'Access-Control-Allow-Methods': 'POST', 'Access-Control-Max-Age': '3600', 'Access-Control-Allow-Headers': 'Content-Type, Access-Control-Allow-Headers, Authorization, X-Requested-With', 'Content-Length': '67', 'Keep-Alive': 'timeout=5, max=100', 'Connection': 'Keep-Alive', 'Content-Type': 'application/json;charset=UTF-8'}
Response cookies:  {}

-----
